Arguments: 
  C:\Program Files (x86)\nodejs\node.exe C:\Program Files (x86)\Yarn\bin\yarn.js

PATH: 
  C:\Program Files (x86)\Intel\iCLS Client\;C:\Program Files\Intel\iCLS Client\;C:\WINDOWS\system32;C:\WINDOWS;C:\WINDOWS\System32\Wbem;C:\WINDOWS\System32\WindowsPowerShell\v1.0\;C:\Program Files (x86)\Microsoft Application Virtualization Client;C:\Program Files\Java\jdk1.8.0_111\bin;C:\Program Files\Microsoft SQL Server\120\Tools\Binn\;C:\Program Files\Microsoft SQL Server\130\Tools\Binn\;C:\Program Files (x86)\Wave Systems Corp\bin\;C:\Program Files\Wave Systems Corp\Wave TSS\bin\;C:\Program Files\Microsoft\Web Platform Installer\;C:\Program Files\Git\cmd;C:\Program Files\Intel\Intel(R) Management Engine Components\DAL;C:\Program Files (x86)\Intel\Intel(R) Management Engine Components\DAL;C:\Program Files\Intel\Intel(R) Management Engine Components\IPT;C:\Program Files (x86)\Intel\Intel(R) Management Engine Components\IPT;C:\Program Files (x86)\Microsoft SQL Server\Client SDK\ODBC\130\Tools\Binn\;C:\Program Files (x86)\Microsoft SQL Server\130\Tools\Binn\;C:\Program Files (x86)\Microsoft SQL Server\130\DTS\Binn\;C:\Program Files (x86)\Microsoft SQL Server\130\Tools\Binn\ManagementStudio\;c:\Program Files (x86)\Microsoft SQL Server\100\Tools\Binn\;c:\Program Files\Microsoft SQL Server\100\Tools\Binn\;c:\Program Files\Microsoft SQL Server\100\DTS\Binn\;C:\Program Files (x86)\Windows Kits\10\Windows Performance Toolkit\;C:\Program Files\dotnet\;C:\Program Files\1E\NomadBranch\;C:\Program Files (x86)\nodejs\;C:\Program Files (x86)\Yarn\bin;C:\Program Files (x86)\Microsoft VS Code\bin;C:\Program Files (x86)\cmder_mini;C:\Users\s635450\AppData\Roaming\npm;C:\Users\s635450\AppData\Local\Yarn\.bin

Yarn version: 
  0.19.1

Node version: 
  7.4.0

Platform: 
  win32 x64

npm manifest: 
  {
    "name": "socle",
    "version": "0.0.0",
    "license": "MIT",
    "angular-cli": {},
    "scripts": {
      "ng": "ng",
      "start": "ng serve",
      "test": "ng test",
      "pree2e": "webdriver-manager update --standalone false --gecko false",
      "e2e": "protractor"
    },
    "private": true,
    "dependencies": {
      "@angular/common": "^2.3.1",
      "@angular/compiler": "^2.3.1",
      "@angular/core": "^2.3.1",
      "@angular/forms": "^2.3.1",
      "@angular/http": "^2.3.1",
      "@angular/platform-browser": "^2.3.1",
      "@angular/platform-browser-dynamic": "^2.3.1",
      "@angular/router": "^3.3.1",
      "core-js": "^2.4.1",
      "rxjs": "^5.0.1",
      "ts-helpers": "^1.1.1",
      "zone.js": "^0.7.2"
    },
    "devDependencies": {
      "@angular/cli": "1.0.0-beta.30",
      "@angular/compiler-cli": "^2.3.1",
      "@types/jasmine": "2.5.38",
      "@types/node": "^6.0.42",
      "codelyzer": "~2.0.0-beta.1",
      "jasmine-core": "2.5.2",
      "jasmine-spec-reporter": "2.5.0",
      "karma": "1.2.0",
      "karma-chrome-launcher": "^2.0.0",
      "karma-cli": "^1.0.1",
      "karma-jasmine": "^1.0.2",
      "karma-remap-istanbul": "^0.2.1",
      "protractor": "~4.0.13",
      "ts-node": "1.2.1",
      "tslint": "^4.3.0",
      "typescript": "~2.0.3"
    }
  }

yarn manifest: 
  No manifest

Lockfile: 
  No lockfile

Trace: 
  Error: https://registry.yarnpkg.com/toposort: tunneling socket could not be established, cause=connect ECONNREFUSED 127.0.0.1:5000
      at ClientRequest.onError (C:\Program Files (x86)\Yarn\node_modules\tunnel-agent\index.js:176:17)
      at Object.onceWrapper (events.js:290:19)
      at emitOne (events.js:96:13)
      at ClientRequest.emit (events.js:188:7)
      at Socket.socketErrorListener (_http_client.js:309:9)
      at emitOne (events.js:96:13)
      at Socket.emit (events.js:188:7)
      at emitErrorNT (net.js:1281:8)
      at _combinedTickCallback (internal/process/next_tick.js:74:11)
      at process._tickCallback (internal/process/next_tick.js:98:9)
